  test.c
D:\Code\C_Code\C_Code\test_9_4\test_9_4\test.c(205,15): warning C4013: “strtsr”未定义；假设外部返回 int
D:\Code\C_Code\C_Code\test_9_4\test_9_4\test.c(197,13): warning C4267: “初始化”: 从“size_t”转换到“int”，可能丢失数据
D:\Code\C_Code\C_Code\test_9_4\test_9_4\test.c(198,13): warning C4267: “初始化”: 从“size_t”转换到“int”，可能丢失数据
D:\Code\C_Code\C_Code\test_9_4\test_9_4\test.c(205,9): warning C4047: “初始化”:“char *”与“int”的间接级别不同
test.obj : error LNK2019: 无法解析的外部符号 strtsr，函数 judge 中引用了该符号
D:\Code\C_Code\C_Code\test_9_4\x64\Debug\test_9_4.exe : fatal error LNK1120: 1 个无法解析的外部命令
